1583379746472	mozrunner::runner	INFO	Running command: "C:\\Program Files\\Mozilla Firefox\\firefox.exe" "-marionette" "-foreground" "-no-remote" "-profile" "C:\\Users\\sstry\\AppData\\Local\\Temp\\rust_mozprofile.YLd1nOz4K7HA"
1583379746720	addons.webextension.doh-rollout@mozilla.org	WARN	Loading extension 'doh-rollout@mozilla.org': Reading manifest: Invalid extension permission: networkStatus
1583379746804	addons.webextension.screenshots@mozilla.org	WARN	Loading extension 'screenshots@mozilla.org': Reading manifest: Invalid extension permission: mozillaAddons
1583379746804	addons.webextension.screenshots@mozilla.org	WARN	Loading extension 'screenshots@mozilla.org': Reading manifest: Invalid extension permission: telemetry
1583379746804	addons.webextension.screenshots@mozilla.org	WARN	Loading extension 'screenshots@mozilla.org': Reading manifest: Invalid extension permission: resource://pdf.js/
1583379746804	addons.webextension.screenshots@mozilla.org	WARN	Loading extension 'screenshots@mozilla.org': Reading manifest: Invalid extension permission: about:reader*
JavaScript error: resource://gre/modules/XULStore.jsm, line 66: Error: Can't find profile directory.
1583379748767	Marionette	INFO	Listening on port 57553
1583379749086	Marionette	WARN	TLS certificate errors will be ignored for this session
JavaScript warning: https://cdn2.editmysite.com/js/site/main.js?buildTime=1583370948, line 4: unreachable code after return statement
JavaScript warning: https://cdn2.editmysite.com/js/site/main.js?buildTime=1583370948, line 4: unreachable code after return statement
JavaScript warning: https://cdn2.editmysite.com/js/site/main.js?buildTime=1583370948, line 4: unreachable code after return statement
JavaScript warning: https://cdn2.editmysite.com/js/site/main.js?buildTime=1583370948, line 4: unreachable code after return statement
JavaScript warning: https://cdn2.editmysite.com/js/site/main.js?buildTime=1583370948, line 4: unreachable code after return statement
JavaScript warning: https://cdn2.editmysite.com/js/site/main.js?buildTime=1583370948, line 4: unreachable code after return statement
JavaScript warning: https://cdn2.editmysite.com/js/site/main.js?buildTime=1583370948, line 4: unreachable code after return statement
1583379798599	mozrunner::runner	INFO	Running command: "C:\\Program Files\\Mozilla Firefox\\firefox.exe" "-marionette" "-foreground" "-no-remote" "-profile" "C:\\Users\\sstry\\AppData\\Local\\Temp\\rust_mozprofile.pcDcXzdEyPsl"
1583379798834	addons.webextension.doh-rollout@mozilla.org	WARN	Loading extension 'doh-rollout@mozilla.org': Reading manifest: Invalid extension permission: networkStatus
1583379798919	addons.webextension.screenshots@mozilla.org	WARN	Loading extension 'screenshots@mozilla.org': Reading manifest: Invalid extension permission: mozillaAddons
1583379798919	addons.webextension.screenshots@mozilla.org	WARN	Loading extension 'screenshots@mozilla.org': Reading manifest: Invalid extension permission: telemetry
1583379798919	addons.webextension.screenshots@mozilla.org	WARN	Loading extension 'screenshots@mozilla.org': Reading manifest: Invalid extension permission: resource://pdf.js/
1583379798919	addons.webextension.screenshots@mozilla.org	WARN	Loading extension 'screenshots@mozilla.org': Reading manifest: Invalid extension permission: about:reader*
JavaScript error: resource://gre/modules/XULStore.jsm, line 66: Error: Can't find profile directory.
1583379800889	Marionette	INFO	Listening on port 57680
1583379801210	Marionette	WARN	TLS certificate errors will be ignored for this session
JavaScript warning: https://cdn2.editmysite.com/js/site/main.js?buildTime=1583370948, line 4: unreachable code after return statement
JavaScript warning: https://cdn2.editmysite.com/js/site/main.js?buildTime=1583370948, line 4: unreachable code after return statement
1583379820252	mozrunner::runner	INFO	Running command: "C:\\Program Files\\Mozilla Firefox\\firefox.exe" "-marionette" "-foreground" "-no-remote" "-profile" "C:\\Users\\sstry\\AppData\\Local\\Temp\\rust_mozprofile.HyQRT71L17bb"
1583379820484	addons.webextension.doh-rollout@mozilla.org	WARN	Loading extension 'doh-rollout@mozilla.org': Reading manifest: Invalid extension permission: networkStatus
1583379820562	addons.webextension.screenshots@mozilla.org	WARN	Loading extension 'screenshots@mozilla.org': Reading manifest: Invalid extension permission: mozillaAddons
1583379820562	addons.webextension.screenshots@mozilla.org	WARN	Loading extension 'screenshots@mozilla.org': Reading manifest: Invalid extension permission: telemetry
1583379820562	addons.webextension.screenshots@mozilla.org	WARN	Loading extension 'screenshots@mozilla.org': Reading manifest: Invalid extension permission: resource://pdf.js/
1583379820562	addons.webextension.screenshots@mozilla.org	WARN	Loading extension 'screenshots@mozilla.org': Reading manifest: Invalid extension permission: about:reader*
JavaScript error: resource://gre/modules/XULStore.jsm, line 66: Error: Can't find profile directory.
[Parent 31432, Gecko_IOThread] WARNING: file z:/task_1579288126/build/src/ipc/chromium/src/base/process_util_win.cc, line 160
1583379822472	Marionette	INFO	Listening on port 57771
1583379822862	Marionette	WARN	TLS certificate errors will be ignored for this session
JavaScript warning: https://cdn2.editmysite.com/js/site/main.js?buildTime=1583370948, line 4: unreachable code after return statement
JavaScript warning: https://cdn2.editmysite.com/js/site/main.js?buildTime=1583370948, line 4: unreachable code after return statement
1583379847532	mozrunner::runner	INFO	Running command: "C:\\Program Files\\Mozilla Firefox\\firefox.exe" "-marionette" "-foreground" "-no-remote" "-profile" "C:\\Users\\sstry\\AppData\\Local\\Temp\\rust_mozprofile.Mo9eFjgezfgL"
1583379847770	addons.webextension.doh-rollout@mozilla.org	WARN	Loading extension 'doh-rollout@mozilla.org': Reading manifest: Invalid extension permission: networkStatus
1583379847853	addons.webextension.screenshots@mozilla.org	WARN	Loading extension 'screenshots@mozilla.org': Reading manifest: Invalid extension permission: mozillaAddons
1583379847853	addons.webextension.screenshots@mozilla.org	WARN	Loading extension 'screenshots@mozilla.org': Reading manifest: Invalid extension permission: telemetry
1583379847853	addons.webextension.screenshots@mozilla.org	WARN	Loading extension 'screenshots@mozilla.org': Reading manifest: Invalid extension permission: resource://pdf.js/
1583379847853	addons.webextension.screenshots@mozilla.org	WARN	Loading extension 'screenshots@mozilla.org': Reading manifest: Invalid extension permission: about:reader*
JavaScript error: resource://gre/modules/XULStore.jsm, line 66: Error: Can't find profile directory.
[Parent 28916, Gecko_IOThread] WARNING: file z:/task_1579288126/build/src/ipc/chromium/src/base/process_util_win.cc, line 160
1583379849769	Marionette	INFO	Listening on port 57867
1583379850140	Marionette	WARN	TLS certificate errors will be ignored for this session
JavaScript warning: https://cdn2.editmysite.com/js/site/main.js?buildTime=1583370948, line 4: unreachable code after return statement
JavaScript warning: https://cdn2.editmysite.com/js/site/main.js?buildTime=1583370948, line 4: unreachable code after return statement
1583379993603	Marionette	INFO	Stopped listening on port 57867

###!!! [Child][RunMessage] Error: Channel closing: too late to send/recv, messages will be lost


###!!! [Child][MessageChannel::SendAndWait] Error: Channel error: cannot send/recv

1583379997902	mozrunner::runner	INFO	Running command: "C:\\Program Files\\Mozilla Firefox\\firefox.exe" "-marionette" "-foreground" "-no-remote" "-profile" "C:\\Users\\sstry\\AppData\\Local\\Temp\\rust_mozprofile.zEDasw2etrN9"
1583379998129	addons.webextension.doh-rollout@mozilla.org	WARN	Loading extension 'doh-rollout@mozilla.org': Reading manifest: Invalid extension permission: networkStatus
1583379998208	addons.webextension.screenshots@mozilla.org	WARN	Loading extension 'screenshots@mozilla.org': Reading manifest: Invalid extension permission: mozillaAddons
1583379998208	addons.webextension.screenshots@mozilla.org	WARN	Loading extension 'screenshots@mozilla.org': Reading manifest: Invalid extension permission: telemetry
1583379998208	addons.webextension.screenshots@mozilla.org	WARN	Loading extension 'screenshots@mozilla.org': Reading manifest: Invalid extension permission: resource://pdf.js/
1583379998208	addons.webextension.screenshots@mozilla.org	WARN	Loading extension 'screenshots@mozilla.org': Reading manifest: Invalid extension permission: about:reader*
JavaScript error: resource://gre/modules/XULStore.jsm, line 66: Error: Can't find profile directory.
1583380000097	Marionette	INFO	Listening on port 58066
1583380000509	Marionette	WARN	TLS certificate errors will be ignored for this session
JavaScript warning: https://cdn2.editmysite.com/js/site/main.js?buildTime=1583370948, line 4: unreachable code after return statement
JavaScript warning: https://cdn2.editmysite.com/js/site/main.js?buildTime=1583370948, line 4: unreachable code after return statement
JavaScript warning: https://cdn2.editmysite.com/js/site/main.js?buildTime=1583370948, line 4: unreachable code after return statement
JavaScript warning: https://cdn2.editmysite.com/js/site/main.js?buildTime=1583370948, line 4: unreachable code after return statement
1583380029321	Marionette	INFO	Stopped listening on port 58066

###!!! [Child][RunMessage] Error: Channel closing: too late to send/recv, messages will be lost


###!!! [Child][MessageChannel::SendAndWait] Error: Channel error: cannot send/recv

1583380105835	mozrunner::runner	INFO	Running command: "C:\\Program Files\\Mozilla Firefox\\firefox.exe" "-marionette" "-foreground" "-no-remote" "-profile" "C:\\Users\\sstry\\AppData\\Local\\Temp\\rust_mozprofile.lwojMGPpxSyN"
1583380106075	addons.webextension.doh-rollout@mozilla.org	WARN	Loading extension 'doh-rollout@mozilla.org': Reading manifest: Invalid extension permission: networkStatus
1583380106160	addons.webextension.screenshots@mozilla.org	WARN	Loading extension 'screenshots@mozilla.org': Reading manifest: Invalid extension permission: mozillaAddons
1583380106160	addons.webextension.screenshots@mozilla.org	WARN	Loading extension 'screenshots@mozilla.org': Reading manifest: Invalid extension permission: telemetry
1583380106160	addons.webextension.screenshots@mozilla.org	WARN	Loading extension 'screenshots@mozilla.org': Reading manifest: Invalid extension permission: resource://pdf.js/
1583380106160	addons.webextension.screenshots@mozilla.org	WARN	Loading extension 'screenshots@mozilla.org': Reading manifest: Invalid extension permission: about:reader*
JavaScript error: resource://gre/modules/XULStore.jsm, line 66: Error: Can't find profile directory.
1583380107948	Marionette	INFO	Listening on port 58227
1583380108444	Marionette	WARN	TLS certificate errors will be ignored for this session
JavaScript warning: https://cdn2.editmysite.com/js/site/main.js?buildTime=1583370948, line 4: unreachable code after return statement
JavaScript warning: https://cdn2.editmysite.com/js/site/main.js?buildTime=1583370948, line 4: unreachable code after return statement
JavaScript warning: https://cdn2.editmysite.com/js/site/main.js?buildTime=1583370948, line 4: unreachable code after return statement
JavaScript warning: https://cdn2.editmysite.com/js/site/main.js?buildTime=1583370948, line 4: unreachable code after return statement
1583380133632	Marionette	INFO	Stopped listening on port 58227

###!!! [Child][RunMessage] Error: Channel closing: too late to send/recv, messages will be lost


###!!! [Child][MessageChannel::SendAndWait] Error: Channel error: cannot send/recv

1583380175328	mozrunner::runner	INFO	Running command: "C:\\Program Files\\Mozilla Firefox\\firefox.exe" "-marionette" "-foreground" "-no-remote" "-profile" "C:\\Users\\sstry\\AppData\\Local\\Temp\\rust_mozprofile.nOjOrCVDLt8A"
1583380175565	addons.webextension.doh-rollout@mozilla.org	WARN	Loading extension 'doh-rollout@mozilla.org': Reading manifest: Invalid extension permission: networkStatus
1583380175646	addons.webextension.screenshots@mozilla.org	WARN	Loading extension 'screenshots@mozilla.org': Reading manifest: Invalid extension permission: mozillaAddons
1583380175647	addons.webextension.screenshots@mozilla.org	WARN	Loading extension 'screenshots@mozilla.org': Reading manifest: Invalid extension permission: telemetry
1583380175647	addons.webextension.screenshots@mozilla.org	WARN	Loading extension 'screenshots@mozilla.org': Reading manifest: Invalid extension permission: resource://pdf.js/
1583380175647	addons.webextension.screenshots@mozilla.org	WARN	Loading extension 'screenshots@mozilla.org': Reading manifest: Invalid extension permission: about:reader*
JavaScript error: resource://gre/modules/XULStore.jsm, line 66: Error: Can't find profile directory.
1583380177443	Marionette	INFO	Listening on port 58374
1583380177937	Marionette	WARN	TLS certificate errors will be ignored for this session
JavaScript warning: https://cdn2.editmysite.com/js/site/main.js?buildTime=1583370948, line 4: unreachable code after return statement
JavaScript warning: https://cdn2.editmysite.com/js/site/main.js?buildTime=1583370948, line 4: unreachable code after return statement
JavaScript warning: https://cdn2.editmysite.com/js/site/main.js?buildTime=1583370948, line 4: unreachable code after return statement
JavaScript warning: https://cdn2.editmysite.com/js/site/main.js?buildTime=1583370948, line 4: unreachable code after return statement
1583380431991	Marionette	INFO	Stopped listening on port 58374

###!!! [Child][RunMessage] Error: Channel closing: too late to send/recv, messages will be lost


###!!! [Child][MessageChannel::SendAndWait] Error: Channel error: cannot send/recv

xtension.doh-rollout@mozilla.org	WARN	Loading extension 'doh-rollout@mozilla.org': Reading manifest: Invalid extension permission: networkStatus
1583380262185	addons.webextension.screenshots@mozilla.org	WARN	Loading extension 'screenshots@mozilla.org': Reading manifest: Invalid extension permission: mozillaAddons
1583380262185	addons.webextension.screenshots@mozilla.org	WARN	Loading extension 'screenshots@mozilla.org': Reading manifest: Invalid extension permission: telemetry
1583380262185	addons.webextension.screenshots@mozilla.org	WARN	Loading extension 'screenshots@mozilla.org': Reading manifest: Invalid extension permission: resource://pdf.js/
1583380262185	addons.webextension.screenshots@mozilla.org	WARN	Loading extension 'screenshots@mozilla.org': Reading manifest: Invalid extension permission: about:reader*
JavaScript error: resource://gre/modules/XULStore.jsm, line 66: Error: Can't find profile directory.
1583380263975	Marionette	INFO	Listening on port 58525
1583380263989	Marionette	WARN	TLS certificate errors will be ignored for this session
JavaScript warning: https://cdn2.editmysite.com/js/site/main.js?buildTime=1583370948, line 4: unreachable code after return statement
JavaScript warning: https://cdn2.editmysite.com/js/site/main.js?buildTime=1583370948, line 4: unreachable code after return statement
1583380432679	Marionette	INFO	Stopped listening on port 58525

###!!! [Child][RunMessage] Error: Channel closing: too late to send/recv, messages will be lost


###!!! [Child][MessageChannel::SendAndWait] Error: Channel error: cannot send/recv

xtension.doh-rollout@mozilla.org	WARN	Loading extension 'doh-rollout@mozilla.org': Reading manifest: Invalid extension permission: networkStatus
1583380306375	addons.webextension.screenshots@mozilla.org	WARN	Loading extension 'screenshots@mozilla.org': Reading manifest: Invalid extension permission: mozillaAddons
1583380306375	addons.webextension.screenshots@mozilla.org	WARN	Loading extension 'screenshots@mozilla.org': Reading manifest: Invalid extension permission: telemetry
1583380306375	addons.webextension.screenshots@mozilla.org	WARN	Loading extension 'screenshots@mozilla.org': Reading manifest: Invalid extension permission: resource://pdf.js/
1583380306375	addons.webextension.screenshots@mozilla.org	WARN	Loading extension 'screenshots@mozilla.org': Reading manifest: Invalid extension permission: about:reader*
JavaScript error: resource://gre/modules/XULStore.jsm, line 66: Error: Can't find profile directory.
1583380308335	Marionette	INFO	Listening on port 58627
1583380308669	Marionette	WARN	TLS certificate errors will be ignored for this session
JavaScript warning: https://cdn2.editmysite.com/js/site/main.js?buildTime=1583370948, line 4: unreachable code after return statement
JavaScript warning: https://cdn2.editmysite.com/js/site/main.js?buildTime=1583370948, line 4: unreachable code after return statement
1583380433378	Marionette	INFO	Stopped listening on port 58627

###!!! [Child][RunMessage] Error: Channel closing: too late to send/recv, messages will be lost


###!!! [Child][MessageChannel::SendAndWait] Error: Channel error: cannot send/recv

xtension.doh-rollout@mozilla.org	WARN	Loading extension 'doh-rollout@mozilla.org': Reading manifest: Invalid extension permission: networkStatus
1583380334380	addons.webextension.screenshots@mozilla.org	WARN	Loading extension 'screenshots@mozilla.org': Reading manifest: Invalid extension permission: mozillaAddons
1583380334380	addons.webextension.screenshots@mozilla.org	WARN	Loading extension 'screenshots@mozilla.org': Reading manifest: Invalid extension permission: telemetry
1583380334380	addons.webextension.screenshots@mozilla.org	WARN	Loading extension 'screenshots@mozilla.org': Reading manifest: Invalid extension permission: resource://pdf.js/
1583380334380	addons.webextension.screenshots@mozilla.org	WARN	Loading extension 'screenshots@mozilla.org': Reading manifest: Invalid extension permission: about:reader*
JavaScript error: resource://gre/modules/XULStore.jsm, line 66: Error: Can't find profile directory.
[Parent 38688, Gecko_IOThread] WARNING: file z:/task_1579288126/build/src/ipc/chromium/src/base/process_util_win.cc, line 160
1583380336413	Marionette	INFO	Listening on port 58721
1583380336684	Marionette	WARN	TLS certificate errors will be ignored for this session
JavaScript warning: https://cdn2.editmysite.com/js/site/main.js?buildTime=1583370948, line 4: unreachable code after return statement
JavaScript warning: https://cdn2.editmysite.com/js/site/main.js?buildTime=1583370948, line 4: unreachable code after return statement
1583380434050	Marionette	INFO	Stopped listening on port 58721

###!!! [Child][RunMessage] Error: Channel closing: too late to send/recv, messages will be lost


###!!! [Child][MessageChannel::SendAndWait] Error: Channel error: cannot send/recv

xtension.doh-rollout@mozilla.org	WARN	Loading extension 'doh-rollout@mozilla.org': Reading manifest: Invalid extension permission: networkStatus
1583380378252	addons.webextension.screenshots@mozilla.org	WARN	Loading extension 'screenshots@mozilla.org': Reading manifest: Invalid extension permission: mozillaAddons
1583380378252	addons.webextension.screenshots@mozilla.org	WARN	Loading extension 'screenshots@mozilla.org': Reading manifest: Invalid extension permission: telemetry
1583380378252	addons.webextension.screenshots@mozilla.org	WARN	Loading extension 'screenshots@mozilla.org': Reading manifest: Invalid extension permission: resource://pdf.js/
1583380378252	addons.webextension.screenshots@mozilla.org	WARN	Loading extension 'screenshots@mozilla.org': Reading manifest: Invalid extension permission: about:reader*
JavaScript error: resource://gre/modules/XULStore.jsm, line 66: Error: Can't find profile directory.
1583380380262	Marionette	INFO	Listening on port 58823
1583380380548	Marionette	WARN	TLS certificate errors will be ignored for this session
JavaScript warning: https://cdn2.editmysite.com/js/site/main.js?buildTime=1583370948, line 4: unreachable code after return statement
JavaScript warning: https://cdn2.editmysite.com/js/site/main.js?buildTime=1583370948, line 4: unreachable code after return statement
JavaScript warning: https://cdn2.editmysite.com/js/site/main.js?buildTime=1583370948, line 4: unreachable code after return statement
JavaScript warning: https://cdn2.editmysite.com/js/site/main.js?buildTime=1583370948, line 4: unreachable code after return statement
JavaScript warning: https://cdn2.editmysite.com/js/site/main.js?buildTime=1583370948, line 4: unreachable code after return statement
JavaScript warning: https://cdn2.editmysite.com/js/site/main.js?buildTime=1583370948, line 4: unreachable code after return statement
JavaScript warning: https://cdn2.editmysite.com/js/site/main.js?buildTime=1583370948, line 4: unreachable code after return statement
JavaScript warning: https://cdn2.editmysite.com/js/site/main.js?buildTime=1583370948, line 4: unreachable code after return statement
JavaScript error: chrome://marionette/content/proxy.js, line 222: TypeError: this.browser.driver.dialogObserver is null
JavaScript error: chrome://marionette/content/proxy.js, line 222: TypeError: this.browser.driver.dialogObserver is null
1583380434788	Marionette	INFO	Stopped listening on port 58823

###!!! [Child][MessageChannel::SendAndWait] Error: Channel error: cannot send/recv

tus
1583380413718	addons.webextension.screenshots@mozilla.org	WARN	Loading extension 'screenshots@mozilla.org': Reading manifest: Invalid extension permission: mozillaAddons
1583380413718	addons.webextension.screenshots@mozilla.org	WARN	Loading extension 'screenshots@mozilla.org': Reading manifest: Invalid extension permission: telemetry
1583380413719	addons.webextension.screenshots@mozilla.org	WARN	Loading extension 'screenshots@mozilla.org': Reading manifest: Invalid extension permission: resource://pdf.js/
1583380413719	addons.webextension.screenshots@mozilla.org	WARN	Loading extension 'screenshots@mozilla.org': Reading manifest: Invalid extension permission: about:reader*
JavaScript error: resource://gre/modules/XULStore.jsm, line 66: Error: Can't find profile directory.
[Parent 39356, Gecko_IOThread] WARNING: file z:/task_1579288126/build/src/ipc/chromium/src/base/process_util_win.cc, line 160
1583380415718	Marionette	INFO	Listening on port 58955
1583380416016	Marionette	WARN	TLS certificate errors will be ignored for this session
JavaScript warning: https://cdn2.editmysite.com/js/site/main.js?buildTime=1583370948, line 4: unreachable code after return statement
JavaScript warning: https://cdn2.editmysite.com/js/site/main.js?buildTime=1583370948, line 4: unreachable code after return statement
JavaScript warning: https://cdn2.editmysite.com/js/site/main.js?buildTime=1583370948, line 4: unreachable code after return statement
JavaScript warning: https://cdn2.editmysite.com/js/site/main.js?buildTime=1583370948, line 4: unreachable code after return statement
1583380435485	Marionette	INFO	Stopped listening on port 58955

###!!! [Child][RunMessage] Error: Channel closing: too late to send/recv, messages will be lost


###!!! [Child][MessageChannel::SendAndWait] Error: Channel error: cannot send/recv

1583380464459	mozrunner::runner	INFO	Running command: "C:\\Program Files\\Mozilla Firefox\\firefox.exe" "-marionette" "--headless" "-foreground" "-no-remote" "-profile" "C:\\Users\\sstry\\AppData\\Local\\Temp\\rust_mozprofile.DUia4uFGNd10"
*** You are running in headless mode.
1583380464706	addons.webextension.doh-rollout@mozilla.org	WARN	Loading extension 'doh-rollout@mozilla.org': Reading manifest: Invalid extension permission: networkStatus
1583380464786	addons.webextension.screenshots@mozilla.org	WARN	Loading extension 'screenshots@mozilla.org': Reading manifest: Invalid extension permission: mozillaAddons
1583380464786	addons.webextension.screenshots@mozilla.org	WARN	Loading extension 'screenshots@mozilla.org': Reading manifest: Invalid extension permission: telemetry
1583380464786	addons.webextension.screenshots@mozilla.org	WARN	Loading extension 'screenshots@mozilla.org': Reading manifest: Invalid extension permission: resource://pdf.js/
1583380464787	addons.webextension.screenshots@mozilla.org	WARN	Loading extension 'screenshots@mozilla.org': Reading manifest: Invalid extension permission: about:reader*
JavaScript error: resource://gre/modules/XULStore.jsm, line 66: Error: Can't find profile directory.
1583380465799	Marionette	INFO	Listening on port 59078
1583380465965	Marionette	WARN	TLS certificate errors will be ignored for this session
JavaScript warning: https://cdn2.editmysite.com/js/site/main.js?buildTime=1583370948, line 4: unreachable code after return statement
JavaScript warning: https://cdn2.editmysite.com/js/site/main.js?buildTime=1583370948, line 4: unreachable code after return statement
JavaScript warning: https://cdn2.editmysite.com/js/site/main.js?buildTime=1583370948, line 4: unreachable code after return statement
JavaScript warning: https://cdn2.editmysite.com/js/site/main.js?buildTime=1583370948, line 4: unreachable code after return statement
JavaScript warning: https://cdn2.editmysite.com/js/site/main.js?buildTime=1583370948, line 4: unreachable code after return statement
JavaScript warning: https://cdn2.editmysite.com/js/site/main.js?buildTime=1583370948, line 4: unreachable code after return statement
JavaScript warning: https://cdn2.editmysite.com/js/site/main.js?buildTime=1583370948, line 4: unreachable code after return statement
JavaScript warning: https://cdn2.editmysite.com/js/site/main.js?buildTime=1583370948, line 4: unreachable code after return statement
JavaScript error: resource://gre/actors/ThumbnailsChild.jsm, line 29: InvalidStateError: An attempt was made to use an object that is not, or is no longer, usable
JavaScript error: chrome://marionette/content/proxy.js, line 222: TypeError: this.browser.driver.dialogObserver is null
Exiting due to channel error.
	INFO	Running command: "C:\\Program Files\\Mozilla Firefox\\firefox.exe" "-marionette" "--headless" "-foreground" "-no-remote" "-profile" "C:\\Users\\sstry\\AppData\\Local\\Temp\\rust_mozprofile.ProiUABLV9Yo"
*** You are running in headless mode.
1583380601661	addons.webextension.doh-rollout@mozilla.org	WARN	Loading extension 'doh-rollout@mozilla.org': Reading manifest: Invalid extension permission: networkStatus
1583380601740	addons.webextension.screenshots@mozilla.org	WARN	Loading extension 'screenshots@mozilla.org': Reading manifest: Invalid extension permission: mozillaAddons
1583380601740	addons.webextension.screenshots@mozilla.org	WARN	Loading extension 'screenshots@mozilla.org': Reading manifest: Invalid extension permission: telemetry
1583380601741	addons.webextension.screenshots@mozilla.org	WARN	Loading extension 'screenshots@mozilla.org': Reading manifest: Invalid extension permission: resource://pdf.js/
1583380601741	addons.webextension.screenshots@mozilla.org	WARN	Loading extension 'screenshots@mozilla.org': Reading manifest: Invalid extension permission: about:reader*
JavaScript error: resource://gre/modules/XULStore.jsm, line 66: Error: Can't find profile directory.
1583380602641	Marionette	INFO	Listening on port 59425
1583380602943	Marionette	WARN	TLS certificate errors will be ignored for this session
JavaScript warning: https://cdn2.editmysite.com/js/site/main.js?buildTime=1583370948, line 4: unreachable code after return statement
JavaScript warning: https://cdn2.editmysite.com/js/site/main.js?buildTime=1583370948, line 4: unreachable code after return statement
JavaScript warning: https://cdn2.editmysite.com/js/site/main.js?buildTime=1583370948, line 4: unreachable code after return statement
JavaScript warning: https://cdn2.editmysite.com/js/site/main.js?buildTime=1583370948, line 4: unreachable code after return statement
JavaScript warning: https://cdn2.editmysite.com/js/site/main.js?buildTime=1583370948, line 4: unreachable code after return statement
JavaScript warning: https://cdn2.editmysite.com/js/site/main.js?buildTime=1583370948, line 4: unreachable code after return statement
JavaScript error: resource://gre/actors/ThumbnailsChild.jsm, line 29: InvalidStateError: An attempt was made to use an object that is not, or is no longer, usable
JavaScript warning: https://cdn2.editmysite.com/js/site/main.js?buildTime=1583370948, line 4: unreachable code after return statement
JavaScript warning: https://cdn2.editmysite.com/js/site/main.js?buildTime=1583370948, line 4: unreachable code after return statement
Exiting due to channel error.
Exiting due to channel error.
gram Files\\Mozilla Firefox\\firefox.exe" "-marionette" "--headless" "-foreground" "-no-remote" "-profile" "C:\\Users\\sstry\\AppData\\Local\\Temp\\rust_mozprofile.xsqNNpuYnLgS"
*** You are running in headless mode.
1583380618839	addons.webextension.doh-rollout@mozilla.org	WARN	Loading extension 'doh-rollout@mozilla.org': Reading manifest: Invalid extension permission: networkStatus
1583380618917	addons.webextension.screenshots@mozilla.org	WARN	Loading extension 'screenshots@mozilla.org': Reading manifest: Invalid extension permission: mozillaAddons
1583380618917	addons.webextension.screenshots@mozilla.org	WARN	Loading extension 'screenshots@mozilla.org': Reading manifest: Invalid extension permission: telemetry
1583380618917	addons.webextension.screenshots@mozilla.org	WARN	Loading extension 'screenshots@mozilla.org': Reading manifest: Invalid extension permission: resource://pdf.js/
1583380618918	addons.webextension.screenshots@mozilla.org	WARN	Loading extension 'screenshots@mozilla.org': Reading manifest: Invalid extension permission: about:reader*
JavaScript error: resource://gre/modules/XULStore.jsm, line 66: Error: Can't find profile directory.
1583380619818	Marionette	INFO	Listening on port 59512
1583380620122	Marionette	WARN	TLS certificate errors will be ignored for this session
JavaScript warning: https://cdn2.editmysite.com/js/site/main.js?buildTime=1583370948, line 4: unreachable code after return statement
JavaScript warning: https://cdn2.editmysite.com/js/site/main.js?buildTime=1583370948, line 4: unreachable code after return statement
JavaScript warning: https://cdn2.editmysite.com/js/site/main.js?buildTime=1583370948, line 4: unreachable code after return statement
JavaScript warning: https://cdn2.editmysite.com/js/site/main.js?buildTime=1583370948, line 4: unreachable code after return statement
JavaScript warning: https://cdn2.editmysite.com/js/site/main.js?buildTime=1583370948, line 4: unreachable code after return statement
JavaScript warning: https://cdn2.editmysite.com/js/site/main.js?buildTime=1583370948, line 4: unreachable code after return statement
JavaScript warning: https://cdn2.editmysite.com/js/site/main.js?buildTime=1583370948, line 4: unreachable code after return statement
JavaScript warning: https://cdn2.editmysite.com/js/site/main.js?buildTime=1583370948, line 4: unreachable code after return statement
Exiting due to channel error.
	INFO	Running command: "C:\\Program Files\\Mozilla Firefox\\firefox.exe" "-marionette" "--headless" "-foreground" "-no-remote" "-profile" "C:\\Users\\sstry\\AppData\\Local\\Temp\\rust_mozprofile.OEDduN8OpinI"
*** You are running in headless mode.
1583380633997	addons.webextension.doh-rollout@mozilla.org	WARN	Loading extension 'doh-rollout@mozilla.org': Reading manifest: Invalid extension permission: networkStatus
1583380634080	addons.webextension.screenshots@mozilla.org	WARN	Loading extension 'screenshots@mozilla.org': Reading manifest: Invalid extension permission: mozillaAddons
1583380634080	addons.webextension.screenshots@mozilla.org	WARN	Loading extension 'screenshots@mozilla.org': Reading manifest: Invalid extension permission: telemetry
1583380634080	addons.webextension.screenshots@mozilla.org	WARN	Loading extension 'screenshots@mozilla.org': Reading manifest: Invalid extension permission: resource://pdf.js/
1583380634080	addons.webextension.screenshots@mozilla.org	WARN	Loading extension 'screenshots@mozilla.org': Reading manifest: Invalid extension permission: about:reader*
JavaScript error: resource://gre/modules/XULStore.jsm, line 66: Error: Can't find profile directory.
1583380635119	Marionette	INFO	Listening on port 59602
1583380635268	Marionette	WARN	TLS certificate errors will be ignored for this session
JavaScript warning: https://cdn2.editmysite.com/js/site/main.js?buildTime=1583370948, line 4: unreachable code after return statement
JavaScript warning: https://cdn2.editmysite.com/js/site/main.js?buildTime=1583370948, line 4: unreachable code after return statement
JavaScript warning: https://cdn2.editmysite.com/js/site/main.js?buildTime=1583370948, line 4: unreachable code after return statement
JavaScript warning: https://cdn2.editmysite.com/js/site/main.js?buildTime=1583370948, line 4: unreachable code after return statement
JavaScript warning: https://cdn2.editmysite.com/js/site/main.js?buildTime=1583370948, line 4: unreachable code after return statement
JavaScript warning: https://cdn2.editmysite.com/js/site/main.js?buildTime=1583370948, line 4: unreachable code after return statement
JavaScript warning: https://cdn2.editmysite.com/js/site/main.js?buildTime=1583370948, line 4: unreachable code after return statement
JavaScript warning: https://cdn2.editmysite.com/js/site/main.js?buildTime=1583370948, line 4: unreachable code after return statement
Exiting due to channel error.
Exiting due to channel error.
gram Files\\Mozilla Firefox\\firefox.exe" "-marionette" "--headless" "-foreground" "-no-remote" "-profile" "C:\\Users\\sstry\\AppData\\Local\\Temp\\rust_mozprofile.9lbC0GCSETdq"
*** You are running in headless mode.
1583380699369	addons.webextension.doh-rollout@mozilla.org	WARN	Loading extension 'doh-rollout@mozilla.org': Reading manifest: Invalid extension permission: networkStatus
1583380699451	addons.webextension.screenshots@mozilla.org	WARN	Loading extension 'screenshots@mozilla.org': Reading manifest: Invalid extension permission: mozillaAddons
1583380699451	addons.webextension.screenshots@mozilla.org	WARN	Loading extension 'screenshots@mozilla.org': Reading manifest: Invalid extension permission: telemetry
1583380699451	addons.webextension.screenshots@mozilla.org	WARN	Loading extension 'screenshots@mozilla.org': Reading manifest: Invalid extension permission: resource://pdf.js/
1583380699451	addons.webextension.screenshots@mozilla.org	WARN	Loading extension 'screenshots@mozilla.org': Reading manifest: Invalid extension permission: about:reader*
JavaScript error: resource://gre/modules/XULStore.jsm, line 66: Error: Can't find profile directory.
1583380700441	Marionette	INFO	Listening on port 59787
1583380700647	Marionette	WARN	TLS certificate errors will be ignored for this session
JavaScript warning: https://cdn2.editmysite.com/js/site/main.js?buildTime=1583370948, line 4: unreachable code after return statement
JavaScript warning: https://cdn2.editmysite.com/js/site/main.js?buildTime=1583370948, line 4: unreachable code after return statement
1583380731112	mozrunner::runner	INFO	Running command: "C:\\Program Files\\Mozilla Firefox\\firefox.exe" "-marionette" "--headless" "-foreground" "-no-remote" "-profile" "C:\\Users\\sstry\\AppData\\Local\\Temp\\rust_mozprofile.yN84tdc28NM7"
*** You are running in headless mode.
1583380731336	addons.webextension.doh-rollout@mozilla.org	WARN	Loading extension 'doh-rollout@mozilla.org': Reading manifest: Invalid extension permission: networkStatus
1583380731415	addons.webextension.screenshots@mozilla.org	WARN	Loading extension 'screenshots@mozilla.org': Reading manifest: Invalid extension permission: mozillaAddons
1583380731415	addons.webextension.screenshots@mozilla.org	WARN	Loading extension 'screenshots@mozilla.org': Reading manifest: Invalid extension permission: telemetry
1583380731415	addons.webextension.screenshots@mozilla.org	WARN	Loading extension 'screenshots@mozilla.org': Reading manifest: Invalid extension permission: resource://pdf.js/
1583380731415	addons.webextension.screenshots@mozilla.org	WARN	Loading extension 'screenshots@mozilla.org': Reading manifest: Invalid extension permission: about:reader*
JavaScript error: resource://gre/modules/XULStore.jsm, line 66: Error: Can't find profile directory.
1583380732456	Marionette	INFO	Listening on port 59881
1583380732617	Marionette	WARN	TLS certificate errors will be ignored for this session
JavaScript warning: https://cdn2.editmysite.com/js/site/main.js?buildTime=1583370948, line 4: unreachable code after return statement
JavaScript warning: https://cdn2.editmysite.com/js/site/main.js?buildTime=1583370948, line 4: unreachable code after return statement
JavaScript warning: https://cdn2.editmysite.com/js/site/main.js?buildTime=1583370948, line 4: unreachable code after return statement
JavaScript warning: https://cdn2.editmysite.com/js/site/main.js?buildTime=1583370948, line 4: unreachable code after return statement
JavaScript warning: https://cdn2.editmysite.com/js/site/main.js?buildTime=1583370948, line 4: unreachable code after return statement
JavaScript warning: https://cdn2.editmysite.com/js/site/main.js?buildTime=1583370948, line 4: unreachable code after return statement
JavaScript warning: https://cdn2.editmysite.com/js/site/main.js?buildTime=1583370948, line 4: unreachable code after return statement
JavaScript warning: https://cdn2.editmysite.com/js/site/main.js?buildTime=1583370948, line 4: unreachable code after return statement
JavaScript error: resource://gre/actors/ThumbnailsChild.jsm, line 29: InvalidStateError: An attempt was made to use an object that is not, or is no longer, usable
JavaScript error: resource://gre/actors/ThumbnailsChild.jsm, line 29: InvalidStateError: An attempt was made to use an object that is not, or is no longer, usable
JavaScript error: chrome://marionette/content/proxy.js, line 222: TypeError: this.browser.driver.dialogObserver is null
Exiting due to channel error.
Exiting due to channel error.
gram Files\\Mozilla Firefox\\firefox.exe" "-marionette" "--headless" "-foreground" "-no-remote" "-profile" "C:\\Users\\sstry\\AppData\\Local\\Temp\\rust_mozprofile.7yyBJwLexvvP"
*** You are running in headless mode.
1583380856153	addons.webextension.doh-rollout@mozilla.org	WARN	Loading extension 'doh-rollout@mozilla.org': Reading manifest: Invalid extension permission: networkStatus
1583380856235	addons.webextension.screenshots@mozilla.org	WARN	Loading extension 'screenshots@mozilla.org': Reading manifest: Invalid extension permission: mozillaAddons
1583380856235	addons.webextension.screenshots@mozilla.org	WARN	Loading extension 'screenshots@mozilla.org': Reading manifest: Invalid extension permission: telemetry
1583380856235	addons.webextension.screenshots@mozilla.org	WARN	Loading extension 'screenshots@mozilla.org': Reading manifest: Invalid extension permission: resource://pdf.js/
1583380856235	addons.webextension.screenshots@mozilla.org	WARN	Loading extension 'screenshots@mozilla.org': Reading manifest: Invalid extension permission: about:reader*
JavaScript error: resource://gre/modules/XULStore.jsm, line 66: Error: Can't find profile directory.
1583380857136	Marionette	INFO	Listening on port 60172
1583380857436	Marionette	WARN	TLS certificate errors will be ignored for this session
JavaScript warning: https://cdn2.editmysite.com/js/site/main.js?buildTime=1583370948, line 4: unreachable code after return statement
JavaScript warning: https://cdn2.editmysite.com/js/site/main.js?buildTime=1583370948, line 4: unreachable code after return statement
Exiting due to channel error.
Exiting due to channel error.
gram Files\\Mozilla Firefox\\firefox.exe" "-marionette" "--headless" "-foreground" "-no-remote" "-profile" "C:\\Users\\sstry\\AppData\\Local\\Temp\\rust_mozprofile.IDTSSVCMQZqg"
*** You are running in headless mode.
1583380881708	addons.webextension.doh-rollout@mozilla.org	WARN	Loading extension 'doh-rollout@mozilla.org': Reading manifest: Invalid extension permission: networkStatus
1583380881795	addons.webextension.screenshots@mozilla.org	WARN	Loading extension 'screenshots@mozilla.org': Reading manifest: Invalid extension permission: mozillaAddons
1583380881795	addons.webextension.screenshots@mozilla.org	WARN	Loading extension 'screenshots@mozilla.org': Reading manifest: Invalid extension permission: telemetry
1583380881795	addons.webextension.screenshots@mozilla.org	WARN	Loading extension 'screenshots@mozilla.org': Reading manifest: Invalid extension permission: resource://pdf.js/
1583380881795	addons.webextension.screenshots@mozilla.org	WARN	Loading extension 'screenshots@mozilla.org': Reading manifest: Invalid extension permission: about:reader*
JavaScript error: resource://gre/modules/XULStore.jsm, line 66: Error: Can't find profile directory.
1583380882789	Marionette	INFO	Listening on port 60260
1583380882985	Marionette	WARN	TLS certificate errors will be ignored for this session
JavaScript warning: https://cdn2.editmysite.com/js/site/main.js?buildTime=1583370948, line 4: unreachable code after return statement
JavaScript warning: https://cdn2.editmysite.com/js/site/main.js?buildTime=1583370948, line 4: unreachable code after return statement
1583380906090	mozrunner::runner	INFO	Running command: "C:\\Program Files\\Mozilla Firefox\\firefox.exe" "-marionette" "--headless" "-foreground" "-no-remote" "-profile" "C:\\Users\\sstry\\AppData\\Local\\Temp\\rust_mozprofile.sEas0EQfMHt6"
*** You are running in headless mode.
1583380906318	addons.webextension.doh-rollout@mozilla.org	WARN	Loading extension 'doh-rollout@mozilla.org': Reading manifest: Invalid extension permission: networkStatus
1583380906399	addons.webextension.screenshots@mozilla.org	WARN	Loading extension 'screenshots@mozilla.org': Reading manifest: Invalid extension permission: mozillaAddons
1583380906399	addons.webextension.screenshots@mozilla.org	WARN	Loading extension 'screenshots@mozilla.org': Reading manifest: Invalid extension permission: telemetry
1583380906399	addons.webextension.screenshots@mozilla.org	WARN	Loading extension 'screenshots@mozilla.org': Reading manifest: Invalid extension permission: resource://pdf.js/
1583380906399	addons.webextension.screenshots@mozilla.org	WARN	Loading extension 'screenshots@mozilla.org': Reading manifest: Invalid extension permission: about:reader*
JavaScript error: resource://gre/modules/XULStore.jsm, line 66: Error: Can't find profile directory.
1583380907433	Marionette	INFO	Listening on port 60352
1583380907596	Marionette	WARN	TLS certificate errors will be ignored for this session
JavaScript warning: https://cdn2.editmysite.com/js/site/main.js?buildTime=1583370948, line 4: unreachable code after return statement
JavaScript warning: https://cdn2.editmysite.com/js/site/main.js?buildTime=1583370948, line 4: unreachable code after return statement
JavaScript warning: https://cdn2.editmysite.com/js/site/main.js?buildTime=1583370948, line 4: unreachable code after return statement
JavaScript warning: https://cdn2.editmysite.com/js/site/main.js?buildTime=1583370948, line 4: unreachable code after return statement
JavaScript warning: https://cdn2.editmysite.com/js/site/main.js?buildTime=1583370948, line 4: unreachable code after return statement
JavaScript warning: https://cdn2.editmysite.com/js/site/main.js?buildTime=1583370948, line 4: unreachable code after return statement
JavaScript warning: https://cdn2.editmysite.com/js/site/main.js?buildTime=1583370948, line 4: unreachable code after return statement
JavaScript warning: https://cdn2.editmysite.com/js/site/main.js?buildTime=1583370948, line 4: unreachable code after return statement
JavaScript error: resource://gre/actors/ThumbnailsChild.jsm, line 29: InvalidStateError: An attempt was made to use an object that is not, or is no longer, usable
JavaScript error: resource://gre/actors/ThumbnailsChild.jsm, line 29: InvalidStateError: An attempt was made to use an object that is not, or is no longer, usable
JavaScript error: resource://gre/actors/ThumbnailsChild.jsm, line 29: InvalidStateError: An attempt was made to use an object that is not, or is no longer, usable
Exiting due to channel error.
Exiting due to channel error.
gram Files\\Mozilla Firefox\\firefox.exe" "-marionette" "--headless" "-foreground" "-no-remote" "-profile" "C:\\Users\\sstry\\AppData\\Local\\Temp\\rust_mozprofile.Qcuu9RECBrkO"
*** You are running in headless mode.
1583381022948	addons.webextension.doh-rollout@mozilla.org	WARN	Loading extension 'doh-rollout@mozilla.org': Reading manifest: Invalid extension permission: networkStatus
1583381023034	addons.webextension.screenshots@mozilla.org	WARN	Loading extension 'screenshots@mozilla.org': Reading manifest: Invalid extension permission: mozillaAddons
1583381023034	addons.webextension.screenshots@mozilla.org	WARN	Loading extension 'screenshots@mozilla.org': Reading manifest: Invalid extension permission: telemetry
1583381023034	addons.webextension.screenshots@mozilla.org	WARN	Loading extension 'screenshots@mozilla.org': Reading manifest: Invalid extension permission: resource://pdf.js/
1583381023034	addons.webextension.screenshots@mozilla.org	WARN	Loading extension 'screenshots@mozilla.org': Reading manifest: Invalid extension permission: about:reader*
JavaScript error: resource://gre/modules/XULStore.jsm, line 66: Error: Can't find profile directory.
1583381024045	Marionette	INFO	Listening on port 60630
1583381024226	Marionette	WARN	TLS certificate errors will be ignored for this session
JavaScript warning: https://cdn2.editmysite.com/js/site/main.js?buildTime=1583370948, line 4: unreachable code after return statement
JavaScript warning: https://cdn2.editmysite.com/js/site/main.js?buildTime=1583370948, line 4: unreachable code after return statement
JavaScript warning: https://cdn2.editmysite.com/js/site/main.js?buildTime=1583370948, line 4: unreachable code after return statement
JavaScript warning: https://cdn2.editmysite.com/js/site/main.js?buildTime=1583370948, line 4: unreachable code after return statement
JavaScript warning: https://cdn2.editmysite.com/js/site/main.js?buildTime=1583370948, line 4: unreachable code after return statement
JavaScript warning: https://cdn2.editmysite.com/js/site/main.js?buildTime=1583370948, line 4: unreachable code after return statement
JavaScript warning: https://cdn2.editmysite.com/js/site/main.js?buildTime=1583370948, line 4: unreachable code after return statement
JavaScript warning: https://cdn2.editmysite.com/js/site/main.js?buildTime=1583370948, line 4: unreachable code after return statement
JavaScript error: resource://gre/actors/ThumbnailsChild.jsm, line 29: InvalidStateError: An attempt was made to use an object that is not, or is no longer, usable
JavaScript error: resource://gre/actors/ThumbnailsChild.jsm, line 29: InvalidStateError: An attempt was made to use an object that is not, or is no longer, usable
Exiting due to channel error.
Exiting due to channel error.
gram Files\\Mozilla Firefox\\firefox.exe" "-marionette" "--headless" "-foreground" "-no-remote" "-profile" "C:\\Users\\sstry\\AppData\\Local\\Temp\\rust_mozprofile.vwwZNFLXorst"
*** You are running in headless mode.
1583381076703	addons.webextension.doh-rollout@mozilla.org	WARN	Loading extension 'doh-rollout@mozilla.org': Reading manifest: Invalid extension permission: networkStatus
1583381076783	addons.webextension.screenshots@mozilla.org	WARN	Loading extension 'screenshots@mozilla.org': Reading manifest: Invalid extension permission: mozillaAddons
1583381076783	addons.webextension.screenshots@mozilla.org	WARN	Loading extension 'screenshots@mozilla.org': Reading manifest: Invalid extension permission: telemetry
1583381076783	addons.webextension.screenshots@mozilla.org	WARN	Loading extension 'screenshots@mozilla.org': Reading manifest: Invalid extension permission: resource://pdf.js/
1583381076783	addons.webextension.screenshots@mozilla.org	WARN	Loading extension 'screenshots@mozilla.org': Reading manifest: Invalid extension permission: about:reader*
JavaScript error: resource://gre/modules/XULStore.jsm, line 66: Error: Can't find profile directory.
1583381077794	Marionette	INFO	Listening on port 60766
1583381077977	Marionette	WARN	TLS certificate errors will be ignored for this session
JavaScript warning: https://cdn2.editmysite.com/js/site/main.js?buildTime=1583370948, line 4: unreachable code after return statement
JavaScript warning: https://cdn2.editmysite.com/js/site/main.js?buildTime=1583370948, line 4: unreachable code after return statement
Exiting due to channel error.
Exiting due to channel error.
gram Files\\Mozilla Firefox\\firefox.exe" "-marionette" "--headless" "-foreground" "-no-remote" "-profile" "C:\\Users\\sstry\\AppData\\Local\\Temp\\rust_mozprofile.piX6ZbvgwFWz"
*** You are running in headless mode.
1583381096149	addons.webextension.doh-rollout@mozilla.org	WARN	Loading extension 'doh-rollout@mozilla.org': Reading manifest: Invalid extension permission: networkStatus
1583381096230	addons.webextension.screenshots@mozilla.org	WARN	Loading extension 'screenshots@mozilla.org': Reading manifest: Invalid extension permission: mozillaAddons
1583381096230	addons.webextension.screenshots@mozilla.org	WARN	Loading extension 'screenshots@mozilla.org': Reading manifest: Invalid extension permission: telemetry
1583381096231	addons.webextension.screenshots@mozilla.org	WARN	Loading extension 'screenshots@mozilla.org': Reading manifest: Invalid extension permission: resource://pdf.js/
1583381096231	addons.webextension.screenshots@mozilla.org	WARN	Loading extension 'screenshots@mozilla.org': Reading manifest: Invalid extension permission: about:reader*
JavaScript error: resource://gre/modules/XULStore.jsm, line 66: Error: Can't find profile directory.
1583381097251	Marionette	INFO	Listening on port 60859
1583381097431	Marionette	WARN	TLS certificate errors will be ignored for this session
JavaScript warning: https://cdn2.editmysite.com/js/site/main.js?buildTime=1583370948, line 4: unreachable code after return statement
JavaScript warning: https://cdn2.editmysite.com/js/site/main.js?buildTime=1583370948, line 4: unreachable code after return statement
Exiting due to channel error.
Exiting due to channel error.
gram Files\\Mozilla Firefox\\firefox.exe" "-marionette" "--headless" "-foreground" "-no-remote" "-profile" "C:\\Users\\sstry\\AppData\\Local\\Temp\\rust_mozprofile.ydxeJ3fn6sih"
*** You are running in headless mode.
1583381176406	addons.webextension.doh-rollout@mozilla.org	WARN	Loading extension 'doh-rollout@mozilla.org': Reading manifest: Invalid extension permission: networkStatus
1583381176490	addons.webextension.screenshots@mozilla.org	WARN	Loading extension 'screenshots@mozilla.org': Reading manifest: Invalid extension permission: mozillaAddons
1583381176490	addons.webextension.screenshots@mozilla.org	WARN	Loading extension 'screenshots@mozilla.org': Reading manifest: Invalid extension permission: telemetry
1583381176490	addons.webextension.screenshots@mozilla.org	WARN	Loading extension 'screenshots@mozilla.org': Reading manifest: Invalid extension permission: resource://pdf.js/
1583381176491	addons.webextension.screenshots@mozilla.org	WARN	Loading extension 'screenshots@mozilla.org': Reading manifest: Invalid extension permission: about:reader*
JavaScript error: resource://gre/modules/XULStore.jsm, line 66: Error: Can't find profile directory.
1583381177516	Marionette	INFO	Listening on port 60986
1583381177684	Marionette	WARN	TLS certificate errors will be ignored for this session
JavaScript warning: https://cdn2.editmysite.com/js/site/main.js?buildTime=1583370948, line 4: unreachable code after return statement
JavaScript warning: https://cdn2.editmysite.com/js/site/main.js?buildTime=1583370948, line 4: unreachable code after return statement
JavaScript warning: https://cdn2.editmysite.com/js/site/main.js?buildTime=1583370948, line 4: unreachable code after return statement
JavaScript warning: https://cdn2.editmysite.com/js/site/main.js?buildTime=1583370948, line 4: unreachable code after return statement
JavaScript warning: https://cdn2.editmysite.com/js/site/main.js?buildTime=1583370948, line 4: unreachable code after return statement
JavaScript warning: https://cdn2.editmysite.com/js/site/main.js?buildTime=1583370948, line 4: unreachable code after return statement
JavaScript warning: https://cdn2.editmysite.com/js/site/main.js?buildTime=1583370948, line 4: unreachable code after return statement
JavaScript warning: https://cdn2.editmysite.com/js/site/main.js?buildTime=1583370948, line 4: unreachable code after return statement
JavaScript error: chrome://marionette/content/proxy.js, line 222: TypeError: this.browser.driver.dialogObserver is null
Exiting due to channel error.
Exiting due to channel error.
try\\AppData\\Local\\Temp\\rust_mozprofile.XufcMvE96BJA"
*** You are running in headless mode.
1583381240978	addons.webextension.doh-rollout@mozilla.org	WARN	Loading extension 'doh-rollout@mozilla.org': Reading manifest: Invalid extension permission: networkStatus
1583381241056	addons.webextension.screenshots@mozilla.org	WARN	Loading extension 'screenshots@mozilla.org': Reading manifest: Invalid extension permission: mozillaAddons
1583381241056	addons.webextension.screenshots@mozilla.org	WARN	Loading extension 'screenshots@mozilla.org': Reading manifest: Invalid extension permission: telemetry
1583381241057	addons.webextension.screenshots@mozilla.org	WARN	Loading extension 'screenshots@mozilla.org': Reading manifest: Invalid extension permission: resource://pdf.js/
1583381241057	addons.webextension.screenshots@mozilla.org	WARN	Loading extension 'screenshots@mozilla.org': Reading manifest: Invalid extension permission: about:reader*
JavaScript error: resource://gre/modules/XULStore.jsm, line 66: Error: Can't find profile directory.
1583381242092	Marionette	INFO	Listening on port 61152
1583381242251	Marionette	WARN	TLS certificate errors will be ignored for this session
JavaScript warning: https://cdn2.editmysite.com/js/site/main.js?buildTime=1583370948, line 4: unreachable code after return statement
JavaScript warning: https://cdn2.editmysite.com/js/site/main.js?buildTime=1583370948, line 4: unreachable code after return statement
JavaScript warning: https://cdn2.editmysite.com/js/site/main.js?buildTime=1583370948, line 4: unreachable code after return statement
JavaScript warning: https://cdn2.editmysite.com/js/site/main.js?buildTime=1583370948, line 4: unreachable code after return statement
1583381302547	mozrunner::runner	INFO	Running command: "C:\\Program Files\\Mozilla Firefox\\firefox.exe" "-marionette" "--headless" "-foreground" "-no-remote" "-profile" "C:\\Users\\sstry\\AppData\\Local\\Temp\\rust_mozprofile.UKJokVvQXnJg"
*** You are running in headless mode.
1583381302780	addons.webextension.doh-rollout@mozilla.org	WARN	Loading extension 'doh-rollout@mozilla.org': Reading manifest: Invalid extension permission: networkStatus
1583381302864	addons.webextension.screenshots@mozilla.org	WARN	Loading extension 'screenshots@mozilla.org': Reading manifest: Invalid extension permission: mozillaAddons
1583381302864	addons.webextension.screenshots@mozilla.org	WARN	Loading extension 'screenshots@mozilla.org': Reading manifest: Invalid extension permission: telemetry
1583381302864	addons.webextension.screenshots@mozilla.org	WARN	Loading extension 'screenshots@mozilla.org': Reading manifest: Invalid extension permission: resource://pdf.js/
1583381302864	addons.webextension.screenshots@mozilla.org	WARN	Loading extension 'screenshots@mozilla.org': Reading manifest: Invalid extension permission: about:reader*
JavaScript error: resource://gre/modules/XULStore.jsm, line 66: Error: Can't find profile directory.
1583381303894	Marionette	INFO	Listening on port 61285
1583381304060	Marionette	WARN	TLS certificate errors will be ignored for this session
JavaScript warning: https://cdn2.editmysite.com/js/site/main.js?buildTime=1583370948, line 4: unreachable code after return statement
JavaScript warning: https://cdn2.editmysite.com/js/site/main.js?buildTime=1583370948, line 4: unreachable code after return statement
JavaScript warning: https://cdn2.editmysite.com/js/site/main.js?buildTime=1583370948, line 4: unreachable code after return statement
JavaScript warning: https://cdn2.editmysite.com/js/site/main.js?buildTime=1583370948, line 4: unreachable code after return statement
JavaScript warning: https://cdn2.editmysite.com/js/site/main.js?buildTime=1583370948, line 4: unreachable code after return statement
JavaScript warning: https://cdn2.editmysite.com/js/site/main.js?buildTime=1583370948, line 4: unreachable code after return statement
JavaScript warning: https://cdn2.editmysite.com/js/site/main.js?buildTime=1583370948, line 4: unreachable code after return statement
JavaScript warning: https://cdn2.editmysite.com/js/site/main.js?buildTime=1583370948, line 4: unreachable code after return statement
Exiting due to channel error.
	INFO	Running command: "C:\\Program Files\\Mozilla Firefox\\firefox.exe" "-marionette" "--headless" "-foreground" "-no-remote" "-profile" "C:\\Users\\sstry\\AppData\\Local\\Temp\\rust_mozprofile.oIYEM0NEnN4X"
*** You are running in headless mode.
1583381332552	addons.webextension.doh-rollout@mozilla.org	WARN	Loading extension 'doh-rollout@mozilla.org': Reading manifest: Invalid extension permission: networkStatus
1583381332635	addons.webextension.screenshots@mozilla.org	WARN	Loading extension 'screenshots@mozilla.org': Reading manifest: Invalid extension permission: mozillaAddons
1583381332635	addons.webextension.screenshots@mozilla.org	WARN	Loading extension 'screenshots@mozilla.org': Reading manifest: Invalid extension permission: telemetry
1583381332635	addons.webextension.screenshots@mozilla.org	WARN	Loading extension 'screenshots@mozilla.org': Reading manifest: Invalid extension permission: resource://pdf.js/
1583381332635	addons.webextension.screenshots@mozilla.org	WARN	Loading extension 'screenshots@mozilla.org': Reading manifest: Invalid extension permission: about:reader*
JavaScript error: resource://gre/modules/XULStore.jsm, line 66: Error: Can't find profile directory.
1583381333643	Marionette	INFO	Listening on port 61400
1583381333821	Marionette	WARN	TLS certificate errors will be ignored for this session
JavaScript warning: https://cdn2.editmysite.com/js/site/main.js?buildTime=1583370948, line 4: unreachable code after return statement
JavaScript warning: https://cdn2.editmysite.com/js/site/main.js?buildTime=1583370948, line 4: unreachable code after return statement
JavaScript warning: https://cdn2.editmysite.com/js/site/main.js?buildTime=1583370948, line 4: unreachable code after return statement
JavaScript warning: https://cdn2.editmysite.com/js/site/main.js?buildTime=1583370948, line 4: unreachable code after return statement
JavaScript warning: https://cdn2.editmysite.com/js/site/main.js?buildTime=1583370948, line 4: unreachable code after return statement
JavaScript warning: https://cdn2.editmysite.com/js/site/main.js?buildTime=1583370948, line 4: unreachable code after return statement
JavaScript warning: https://cdn2.editmysite.com/js/site/main.js?buildTime=1583370948, line 4: unreachable code after return statement
JavaScript warning: https://cdn2.editmysite.com/js/site/main.js?buildTime=1583370948, line 4: unreachable code after return statement
Exiting due to channel error.
	INFO	Running command: "C:\\Program Files\\Mozilla Firefox\\firefox.exe" "-marionette" "--headless" "-foreground" "-no-remote" "-profile" "C:\\Users\\sstry\\AppData\\Local\\Temp\\rust_mozprofile.0UeuULKQwOV5"
*** You are running in headless mode.
1583381348980	addons.webextension.doh-rollout@mozilla.org	WARN	Loading extension 'doh-rollout@mozilla.org': Reading manifest: Invalid extension permission: networkStatus
1583381349060	addons.webextension.screenshots@mozilla.org	WARN	Loading extension 'screenshots@mozilla.org': Reading manifest: Invalid extension permission: mozillaAddons
1583381349061	addons.webextension.screenshots@mozilla.org	WARN	Loading extension 'screenshots@mozilla.org': Reading manifest: Invalid extension permission: telemetry
1583381349061	addons.webextension.screenshots@mozilla.org	WARN	Loading extension 'screenshots@mozilla.org': Reading manifest: Invalid extension permission: resource://pdf.js/
1583381349061	addons.webextension.screenshots@mozilla.org	WARN	Loading extension 'screenshots@mozilla.org': Reading manifest: Invalid extension permission: about:reader*
JavaScript error: resource://gre/modules/XULStore.jsm, line 66: Error: Can't find profile directory.
1583381350069	Marionette	INFO	Listening on port 61493
1583381350254	Marionette	WARN	TLS certificate errors will be ignored for this session
JavaScript warning: https://cdn2.editmysite.com/js/site/main.js?buildTime=1583370948, line 4: unreachable code after return statement
JavaScript warning: https://cdn2.editmysite.com/js/site/main.js?buildTime=1583370948, line 4: unreachable code after return statement
JavaScript warning: https://cdn2.editmysite.com/js/site/main.js?buildTime=1583370948, line 4: unreachable code after return statement
JavaScript warning: https://cdn2.editmysite.com/js/site/main.js?buildTime=1583370948, line 4: unreachable code after return statement
JavaScript warning: https://cdn2.editmysite.com/js/site/main.js?buildTime=1583370948, line 4: unreachable code after return statement
JavaScript warning: https://cdn2.editmysite.com/js/site/main.js?buildTime=1583370948, line 4: unreachable code after return statement
JavaScript warning: https://cdn2.editmysite.com/js/site/main.js?buildTime=1583370948, line 4: unreachable code after return statement
JavaScript warning: https://cdn2.editmysite.com/js/site/main.js?buildTime=1583370948, line 4: unreachable code after return statement
JavaScript error: resource://gre/actors/ThumbnailsChild.jsm, line 29: InvalidStateError: An attempt was made to use an object that is not, or is no longer, usable
Exiting due to channel error.
	INFO	Running command: "C:\\Program Files\\Mozilla Firefox\\firefox.exe" "-marionette" "--headless" "-foreground" "-no-remote" "-profile" "C:\\Users\\sstry\\AppData\\Local\\Temp\\rust_mozprofile.ZesNXLcOekeK"
*** You are running in headless mode.
1583381379449	addons.webextension.doh-rollout@mozilla.org	WARN	Loading extension 'doh-rollout@mozilla.org': Reading manifest: Invalid extension permission: networkStatus
1583381379531	addons.webextension.screenshots@mozilla.org	WARN	Loading extension 'screenshots@mozilla.org': Reading manifest: Invalid extension permission: mozillaAddons
1583381379531	addons.webextension.screenshots@mozilla.org	WARN	Loading extension 'screenshots@mozilla.org': Reading manifest: Invalid extension permission: telemetry
1583381379531	addons.webextension.screenshots@mozilla.org	WARN	Loading extension 'screenshots@mozilla.org': Reading manifest: Invalid extension permission: resource://pdf.js/
1583381379532	addons.webextension.screenshots@mozilla.org	WARN	Loading extension 'screenshots@mozilla.org': Reading manifest: Invalid extension permission: about:reader*
JavaScript error: resource://gre/modules/XULStore.jsm, line 66: Error: Can't find profile directory.
1583381380535	Marionette	INFO	Listening on port 61611
1583381380728	Marionette	WARN	TLS certificate errors will be ignored for this session
JavaScript warning: https://cdn2.editmysite.com/js/site/main.js?buildTime=1583370948, line 4: unreachable code after return statement
JavaScript warning: https://cdn2.editmysite.com/js/site/main.js?buildTime=1583370948, line 4: unreachable code after return statement
JavaScript warning: https://cdn2.editmysite.com/js/site/main.js?buildTime=1583370948, line 4: unreachable code after return statement
JavaScript warning: https://cdn2.editmysite.com/js/site/main.js?buildTime=1583370948, line 4: unreachable code after return statement
JavaScript warning: https://cdn2.editmysite.com/js/site/main.js?buildTime=1583370948, line 4: unreachable code after return statement
JavaScript warning: https://cdn2.editmysite.com/js/site/main.js?buildTime=1583370948, line 4: unreachable code after return statement
JavaScript warning: https://cdn2.editmysite.com/js/site/main.js?buildTime=1583370948, line 4: unreachable code after return statement
JavaScript warning: https://cdn2.editmysite.com/js/site/main.js?buildTime=1583370948, line 4: unreachable code after return statement
JavaScript error: resource://gre/actors/ThumbnailsChild.jsm, line 29: InvalidStateError: An attempt was made to use an object that is not, or is no longer, usable
JavaScript error: resource://gre/actors/ThumbnailsChild.jsm, line 29: InvalidStateError: An attempt was made to use an object that is not, or is no longer, usable
JavaScript error: resource://gre/actors/ThumbnailsChild.jsm, line 29: InvalidStateError: An attempt was made to use an object that is not, or is no longer, usable
JavaScript error: resource://gre/actors/ThumbnailsChild.jsm, line 29: InvalidStateError: An attempt was made to use an object that is not, or is no longer, usable
JavaScript error: resource://gre/actors/ThumbnailsChild.jsm, line 29: InvalidStateError: An attempt was made to use an object that is not, or is no longer, usable
JavaScript error: resource://gre/actors/ThumbnailsChild.jsm, line 29: InvalidStateError: An attempt was made to use an object that is not, or is no longer, usable
JavaScript error: resource://gre/actors/ThumbnailsChild.jsm, line 29: InvalidStateError: An attempt was made to use an object that is not, or is no longer, usable
JavaScript error: resource://gre/actors/ThumbnailsChild.jsm, line 29: InvalidStateError: An attempt was made to use an object that is not, or is no longer, usable
Exiting due to channel error.
Exiting due to channel error.
Exiting due to channel error.
refox.exe" "-marionette" "--headless" "-foreground" "-no-remote" "-profile" "C:\\Users\\sstry\\AppData\\Local\\Temp\\rust_mozprofile.mDxTZtPvscgN"
*** You are running in headless mode.
1583381662870	addons.webextension.doh-rollout@mozilla.org	WARN	Loading extension 'doh-rollout@mozilla.org': Reading manifest: Invalid extension permission: networkStatus
1583381662952	addons.webextension.screenshots@mozilla.org	WARN	Loading extension 'screenshots@mozilla.org': Reading manifest: Invalid extension permission: mozillaAddons
1583381662952	addons.webextension.screenshots@mozilla.org	WARN	Loading extension 'screenshots@mozilla.org': Reading manifest: Invalid extension permission: telemetry
1583381662952	addons.webextension.screenshots@mozilla.org	WARN	Loading extension 'screenshots@mozilla.org': Reading manifest: Invalid extension permission: resource://pdf.js/
1583381662952	addons.webextension.screenshots@mozilla.org	WARN	Loading extension 'screenshots@mozilla.org': Reading manifest: Invalid extension permission: about:reader*
JavaScript error: resource://gre/modules/XULStore.jsm, line 66: Error: Can't find profile directory.
1583381663909	Marionette	INFO	Listening on port 62190
1583381664144	Marionette	WARN	TLS certificate errors will be ignored for this session
JavaScript warning: https://cdn2.editmysite.com/js/site/main.js?buildTime=1583370948, line 4: unreachable code after return statement
JavaScript warning: https://cdn2.editmysite.com/js/site/main.js?buildTime=1583370948, line 4: unreachable code after return statement
JavaScript warning: https://cdn2.editmysite.com/js/site/main.js?buildTime=1583370948, line 4: unreachable code after return statement
JavaScript warning: https://cdn2.editmysite.com/js/site/main.js?buildTime=1583370948, line 4: unreachable code after return statement
JavaScript warning: https://cdn2.editmysite.com/js/site/main.js?buildTime=1583370948, line 4: unreachable code after return statement
JavaScript warning: https://cdn2.editmysite.com/js/site/main.js?buildTime=1583370948, line 4: unreachable code after return statement
JavaScript warning: https://cdn2.editmysite.com/js/site/main.js?buildTime=1583370948, line 4: unreachable code after return statement
JavaScript warning: https://cdn2.editmysite.com/js/site/main.js?buildTime=1583370948, line 4: unreachable code after return statement
JavaScript error: chrome://marionette/content/proxy.js, line 222: TypeError: this.browser.driver.dialogObserver is null
headless" "-foreground" "-no-remote" "-profile" "C:\\Users\\sstry\\AppData\\Local\\Temp\\rust_mozprofile.4zxNtn54t94X"
*** You are running in headless mode.
1583381692745	addons.webextension.doh-rollout@mozilla.org	WARN	Loading extension 'doh-rollout@mozilla.org': Reading manifest: Invalid extension permission: networkStatus
1583381692827	addons.webextension.screenshots@mozilla.org	WARN	Loading extension 'screenshots@mozilla.org': Reading manifest: Invalid extension permission: mozillaAddons
1583381692827	addons.webextension.screenshots@mozilla.org	WARN	Loading extension 'screenshots@mozilla.org': Reading manifest: Invalid extension permission: telemetry
1583381692827	addons.webextension.screenshots@mozilla.org	WARN	Loading extension 'screenshots@mozilla.org': Reading manifest: Invalid extension permission: resource://pdf.js/
1583381692828	addons.webextension.screenshots@mozilla.org	WARN	Loading extension 'screenshots@mozilla.org': Reading manifest: Invalid extension permission: about:reader*
JavaScript error: resource://gre/modules/XULStore.jsm, line 66: Error: Can't find profile directory.
1583381693907	Marionette	INFO	Listening on port 62304
1583381694023	Marionette	WARN	TLS certificate errors will be ignored for this session
JavaScript warning: https://cdn2.editmysite.com/js/site/main.js?buildTime=1583370948, line 4: unreachable code after return statement
JavaScript warning: https://cdn2.editmysite.com/js/site/main.js?buildTime=1583370948, line 4: unreachable code after return statement
JavaScript warning: https://cdn2.editmysite.com/js/site/main.js?buildTime=1583370948, line 4: unreachable code after return statement
JavaScript warning: https://cdn2.editmysite.com/js/site/main.js?buildTime=1583370948, line 4: unreachable code after return statement
Exiting due to channel error.
	INFO	Running command: "C:\\Program Files\\Mozilla Firefox\\firefox.exe" "-marionette" "--headless" "-foreground" "-no-remote" "-profile" "C:\\Users\\sstry\\AppData\\Local\\Temp\\rust_mozprofile.TkxHjqGelfEz"
*** You are running in headless mode.
1583381737693	addons.webextension.doh-rollout@mozilla.org	WARN	Loading extension 'doh-rollout@mozilla.org': Reading manifest: Invalid extension permission: networkStatus
1583381737791	addons.webextension.screenshots@mozilla.org	WARN	Loading extension 'screenshots@mozilla.org': Reading manifest: Invalid extension permission: mozillaAddons
1583381737791	addons.webextension.screenshots@mozilla.org	WARN	Loading extension 'screenshots@mozilla.org': Reading manifest: Invalid extension permission: telemetry
1583381737791	addons.webextension.screenshots@mozilla.org	WARN	Loading extension 'screenshots@mozilla.org': Reading manifest: Invalid extension permission: resource://pdf.js/
1583381737791	addons.webextension.screenshots@mozilla.org	WARN	Loading extension 'screenshots@mozilla.org': Reading manifest: Invalid extension permission: about:reader*
JavaScript error: resource://gre/modules/XULStore.jsm, line 66: Error: Can't find profile directory.
1583381738823	Marionette	INFO	Listening on port 62452
1583381738918	Marionette	WARN	TLS certificate errors will be ignored for this session
JavaScript warning: https://cdn2.editmysite.com/js/site/main.js?buildTime=1583370948, line 4: unreachable code after return statement
JavaScript warning: https://cdn2.editmysite.com/js/site/main.js?buildTime=1583370948, line 4: unreachable code after return statement
JavaScript warning: https://cdn2.editmysite.com/js/site/main.js?buildTime=1583370948, line 4: unreachable code after return statement
JavaScript warning: https://cdn2.editmysite.com/js/site/main.js?buildTime=1583370948, line 4: unreachable code after return statement
JavaScript warning: https://cdn2.editmysite.com/js/site/main.js?buildTime=1583370948, line 4: unreachable code after return statement
JavaScript warning: https://cdn2.editmysite.com/js/site/main.js?buildTime=1583370948, line 4: unreachable code after return statement
JavaScript warning: https://cdn2.editmysite.com/js/site/main.js?buildTime=1583370948, line 4: unreachable code after return statement
JavaScript warning: https://cdn2.editmysite.com/js/site/main.js?buildTime=1583370948, line 4: unreachable code after return statement
Exiting due to channel error.
	INFO	Running command: "C:\\Program Files\\Mozilla Firefox\\firefox.exe" "-marionette" "--headless" "-foreground" "-no-remote" "-profile" "C:\\Users\\sstry\\AppData\\Local\\Temp\\rust_mozprofile.guroLa8Cn42Z"
*** You are running in headless mode.
1583381760954	addons.webextension.doh-rollout@mozilla.org	WARN	Loading extension 'doh-rollout@mozilla.org': Reading manifest: Invalid extension permission: networkStatus
1583381761037	addons.webextension.screenshots@mozilla.org	WARN	Loading extension 'screenshots@mozilla.org': Reading manifest: Invalid extension permission: mozillaAddons
1583381761037	addons.webextension.screenshots@mozilla.org	WARN	Loading extension 'screenshots@mozilla.org': Reading manifest: Invalid extension permission: telemetry
1583381761038	addons.webextension.screenshots@mozilla.org	WARN	Loading extension 'screenshots@mozilla.org': Reading manifest: Invalid extension permission: resource://pdf.js/
1583381761038	addons.webextension.screenshots@mozilla.org	WARN	Loading extension 'screenshots@mozilla.org': Reading manifest: Invalid extension permission: about:reader*
JavaScript error: resource://gre/modules/XULStore.jsm, line 66: Error: Can't find profile directory.
1583381762039	Marionette	INFO	Listening on port 62555
1583381762230	Marionette	WARN	TLS certificate errors will be ignored for this session
JavaScript warning: https://cdn2.editmysite.com/js/site/main.js?buildTime=1583370948, line 4: unreachable code after return statement
JavaScript warning: https://cdn2.editmysite.com/js/site/main.js?buildTime=1583370948, line 4: unreachable code after return statement
JavaScript warning: https://cdn2.editmysite.com/js/site/main.js?buildTime=1583370948, line 4: unreachable code after return statement
JavaScript warning: https://cdn2.editmysite.com/js/site/main.js?buildTime=1583370948, line 4: unreachable code after return statement
JavaScript warning: https://cdn2.editmysite.com/js/site/main.js?buildTime=1583370948, line 4: unreachable code after return statement
JavaScript warning: https://cdn2.editmysite.com/js/site/main.js?buildTime=1583370948, line 4: unreachable code after return statement
JavaScript warning: https://cdn2.editmysite.com/js/site/main.js?buildTime=1583370948, line 4: unreachable code after return statement
JavaScript warning: https://cdn2.editmysite.com/js/site/main.js?buildTime=1583370948, line 4: unreachable code after return statement
Exiting due to channel error.
	INFO	Running command: "C:\\Program Files\\Mozilla Firefox\\firefox.exe" "-marionette" "--headless" "-foreground" "-no-remote" "-profile" "C:\\Users\\sstry\\AppData\\Local\\Temp\\rust_mozprofile.h3Ptr0zjMFs2"
*** You are running in headless mode.
1583381792136	addons.webextension.doh-rollout@mozilla.org	WARN	Loading extension 'doh-rollout@mozilla.org': Reading manifest: Invalid extension permission: networkStatus
1583381792218	addons.webextension.screenshots@mozilla.org	WARN	Loading extension 'screenshots@mozilla.org': Reading manifest: Invalid extension permission: mozillaAddons
1583381792218	addons.webextension.screenshots@mozilla.org	WARN	Loading extension 'screenshots@mozilla.org': Reading manifest: Invalid extension permission: telemetry
1583381792218	addons.webextension.screenshots@mozilla.org	WARN	Loading extension 'screenshots@mozilla.org': Reading manifest: Invalid extension permission: resource://pdf.js/
1583381792219	addons.webextension.screenshots@mozilla.org	WARN	Loading extension 'screenshots@mozilla.org': Reading manifest: Invalid extension permission: about:reader*
JavaScript error: resource://gre/modules/XULStore.jsm, line 66: Error: Can't find profile directory.
1583381793235	Marionette	INFO	Listening on port 62665
1583381793409	Marionette	WARN	TLS certificate errors will be ignored for this session
JavaScript warning: https://cdn2.editmysite.com/js/site/main.js?buildTime=1583370948, line 4: unreachable code after return statement
JavaScript warning: https://cdn2.editmysite.com/js/site/main.js?buildTime=1583370948, line 4: unreachable code after return statement
JavaScript warning: https://cdn2.editmysite.com/js/site/main.js?buildTime=1583370948, line 4: unreachable code after return statement
JavaScript warning: https://cdn2.editmysite.com/js/site/main.js?buildTime=1583370948, line 4: unreachable code after return statement
JavaScript warning: https://cdn2.editmysite.com/js/site/main.js?buildTime=1583370948, line 4: unreachable code after return statement
JavaScript warning: https://cdn2.editmysite.com/js/site/main.js?buildTime=1583370948, line 4: unreachable code after return statement
JavaScript warning: https://cdn2.editmysite.com/js/site/main.js?buildTime=1583370948, line 4: unreachable code after return statement
JavaScript warning: https://cdn2.editmysite.com/js/site/main.js?buildTime=1583370948, line 4: unreachable code after return statement
JavaScript error: chrome://marionette/content/proxy.js, line 222: TypeError: this.browser.driver.dialogObserver is null
Exiting due to channel error.
Exiting due to channel error.
gram Files\\Mozilla Firefox\\firefox.exe" "-marionette" "--headless" "-foreground" "-no-remote" "-profile" "C:\\Users\\sstry\\AppData\\Local\\Temp\\rust_mozprofile.bRVWbro47dOZ"
*** You are running in headless mode.
1583381839524	addons.webextension.doh-rollout@mozilla.org	WARN	Loading extension 'doh-rollout@mozilla.org': Reading manifest: Invalid extension permission: networkStatus
1583381839605	addons.webextension.screenshots@mozilla.org	WARN	Loading extension 'screenshots@mozilla.org': Reading manifest: Invalid extension permission: mozillaAddons
1583381839605	addons.webextension.screenshots@mozilla.org	WARN	Loading extension 'screenshots@mozilla.org': Reading manifest: Invalid extension permission: telemetry
1583381839605	addons.webextension.screenshots@mozilla.org	WARN	Loading extension 'screenshots@mozilla.org': Reading manifest: Invalid extension permission: resource://pdf.js/
1583381839605	addons.webextension.screenshots@mozilla.org	WARN	Loading extension 'screenshots@mozilla.org': Reading manifest: Invalid extension permission: about:reader*
JavaScript error: resource://gre/modules/XULStore.jsm, line 66: Error: Can't find profile directory.
1583381840666	Marionette	INFO	Listening on port 62800
1583381840807	Marionette	WARN	TLS certificate errors will be ignored for this session
JavaScript warning: https://cdn2.editmysite.com/js/site/main.js?buildTime=1583370948, line 4: unreachable code after return statement
JavaScript warning: https://cdn2.editmysite.com/js/site/main.js?buildTime=1583370948, line 4: unreachable code after return statement
JavaScript warning: https://cdn2.editmysite.com/js/site/main.js?buildTime=1583370948, line 4: unreachable code after return statement
JavaScript warning: https://cdn2.editmysite.com/js/site/main.js?buildTime=1583370948, line 4: unreachable code after return statement
JavaScript warning: https://cdn2.editmysite.com/js/site/main.js?buildTime=1583370948, line 4: unreachable code after return statement
JavaScript warning: https://cdn2.editmysite.com/js/site/main.js?buildTime=1583370948, line 4: unreachable code after return statement
JavaScript warning: https://cdn2.editmysite.com/js/site/main.js?buildTime=1583370948, line 4: unreachable code after return statement
JavaScript warning: https://cdn2.editmysite.com/js/site/main.js?buildTime=1583370948, line 4: unreachable code after return statement

###!!! [Parent][MessageChannel] Error: (msgtype=0x370128,name=PContent::Msg_AsyncMessage) Channel error: cannot send/recv

A content process crashed and MOZ_CRASHREPORTER_SHUTDOWN is set, shutting down
[Parent 50764, Gecko_IOThread] WARNING: file z:/task_1579288126/build/src/ipc/chromium/src/base/process_util_win.cc, line 160
1583381889232	Marionette	INFO	Stopped listening on port 62800
nifest: Invalid extension permission: networkStatus
1583381859493	addons.webextension.screenshots@mozilla.org	WARN	Loading extension 'screenshots@mozilla.org': Reading manifest: Invalid extension permission: mozillaAddons
1583381859493	addons.webextension.screenshots@mozilla.org	WARN	Loading extension 'screenshots@mozilla.org': Reading manifest: Invalid extension permission: telemetry
1583381859493	addons.webextension.screenshots@mozilla.org	WARN	Loading extension 'screenshots@mozilla.org': Reading manifest: Invalid extension permission: resource://pdf.js/
1583381859493	addons.webextension.screenshots@mozilla.org	WARN	Loading extension 'screenshots@mozilla.org': Reading manifest: Invalid extension permission: about:reader*
JavaScript error: resource://gre/modules/XULStore.jsm, line 66: Error: Can't find profile directory.
1583381860514	Marionette	INFO	Listening on port 62902
1583381860686	Marionette	WARN	TLS certificate errors will be ignored for this session
JavaScript warning: https://cdn2.editmysite.com/js/site/main.js?buildTime=1583370948, line 4: unreachable code after return statement
JavaScript warning: https://cdn2.editmysite.com/js/site/main.js?buildTime=1583370948, line 4: unreachable code after return statement
JavaScript warning: https://cdn2.editmysite.com/js/site/main.js?buildTime=1583370948, line 4: unreachable code after return statement
JavaScript warning: https://cdn2.editmysite.com/js/site/main.js?buildTime=1583370948, line 4: unreachable code after return statement
JavaScript warning: https://cdn2.editmysite.com/js/site/main.js?buildTime=1583370948, line 4: unreachable code after return statement
JavaScript warning: https://cdn2.editmysite.com/js/site/main.js?buildTime=1583370948, line 4: unreachable code after return statement
JavaScript warning: https://cdn2.editmysite.com/js/site/main.js?buildTime=1583370948, line 4: unreachable code after return statement
JavaScript warning: https://cdn2.editmysite.com/js/site/main.js?buildTime=1583370948, line 4: unreachable code after return statement
JavaScript error: chrome://marionette/content/proxy.js, line 222: TypeError: this.browser.driver.dialogObserver is null

###!!! [Parent][MessageChannel] Error: (msgtype=0x370128,name=PContent::Msg_AsyncMessage) Channel error: cannot send/recv

A content process crashed and MOZ_CRASHREPORTER_SHUTDOWN is set, shutting down
[Parent 29876, Gecko_IOThread] WARNING: file z:/task_1579288126/build/src/ipc/chromium/src/base/process_util_win.cc, line 160
JavaScript error: chrome://marionette/content/proxy.js, line 222: TypeError: this.browser.driver.dialogObserver is null
1583381899349	Marionette	INFO	Stopped listening on port 62902
ns.webextension.screenshots@mozilla.org	WARN	Loading extension 'screenshots@mozilla.org': Reading manifest: Invalid extension permission: telemetry
1583381890731	addons.webextension.screenshots@mozilla.org	WARN	Loading extension 'screenshots@mozilla.org': Reading manifest: Invalid extension permission: resource://pdf.js/
1583381890731	addons.webextension.screenshots@mozilla.org	WARN	Loading extension 'screenshots@mozilla.org': Reading manifest: Invalid extension permission: about:reader*
JavaScript error: resource://gre/modules/XULStore.jsm, line 66: Error: Can't find profile directory.
1583381891749	Marionette	INFO	Listening on port 63021
1583381891920	Marionette	WARN	TLS certificate errors will be ignored for this session
JavaScript warning: https://cdn2.editmysite.com/js/site/main.js?buildTime=1583370948, line 4: unreachable code after return statement
JavaScript warning: https://cdn2.editmysite.com/js/site/main.js?buildTime=1583370948, line 4: unreachable code after return statement
JavaScript warning: https://cdn2.editmysite.com/js/site/main.js?buildTime=1583370948, line 4: unreachable code after return statement
JavaScript warning: https://cdn2.editmysite.com/js/site/main.js?buildTime=1583370948, line 4: unreachable code after return statement
Exiting due to channel error.
Exiting due to channel error.
Exiting due to channel error.
1583381934674	mozrunner::runner	INFO	Running command: "C:\\Program Files\\Mozilla Firefox\\firefox.exe" "-marionette" "-foreground" "-no-remote" "-profile" "C:\\Users\\sstry\\AppData\\Local\\Temp\\rust_mozprofile.KP0angPsk5GE"
1583381934908	addons.webextension.doh-rollout@mozilla.org	WARN	Loading extension 'doh-rollout@mozilla.org': Reading manifest: Invalid extension permission: networkStatus
1583381934989	addons.webextension.screenshots@mozilla.org	WARN	Loading extension 'screenshots@mozilla.org': Reading manifest: Invalid extension permission: mozillaAddons
1583381934989	addons.webextension.screenshots@mozilla.org	WARN	Loading extension 'screenshots@mozilla.org': Reading manifest: Invalid extension permission: telemetry
1583381934989	addons.webextension.screenshots@mozilla.org	WARN	Loading extension 'screenshots@mozilla.org': Reading manifest: Invalid extension permission: resource://pdf.js/
1583381934990	addons.webextension.screenshots@mozilla.org	WARN	Loading extension 'screenshots@mozilla.org': Reading manifest: Invalid extension permission: about:reader*
JavaScript error: resource://gre/modules/XULStore.jsm, line 66: Error: Can't find profile directory.
1583381937083	Marionette	INFO	Listening on port 63149
1583381937283	Marionette	WARN	TLS certificate errors will be ignored for this session
JavaScript warning: https://cdn2.editmysite.com/js/site/main.js?buildTime=1583370948, line 4: unreachable code after return statement
JavaScript warning: https://cdn2.editmysite.com/js/site/main.js?buildTime=1583370948, line 4: unreachable code after return statement
JavaScript warning: https://cdn2.editmysite.com/js/site/main.js?buildTime=1583370948, line 4: unreachable code after return statement
JavaScript warning: https://cdn2.editmysite.com/js/site/main.js?buildTime=1583370948, line 4: unreachable code after return statement
1583381941793	Marionette	INFO	Stopped listening on port 63149

###!!! [Child][RunMessage] Error: Channel closing: too late to send/recv, messages will be lost


###!!! [Child][MessageChannel::SendAndWait] Error: Channel error: cannot send/recv

1583382156337	mozrunner::runner	INFO	Running command: "C:\\Program Files\\Mozilla Firefox\\firefox.exe" "-marionette" "-foreground" "-no-remote" "-profile" "C:\\Users\\sstry\\AppData\\Local\\Temp\\rust_mozprofile.ZjDAMj0lSmTQ"
1583382156564	addons.webextension.doh-rollout@mozilla.org	WARN	Loading extension 'doh-rollout@mozilla.org': Reading manifest: Invalid extension permission: networkStatus
1583382156646	addons.webextension.screenshots@mozilla.org	WARN	Loading extension 'screenshots@mozilla.org': Reading manifest: Invalid extension permission: mozillaAddons
1583382156646	addons.webextension.screenshots@mozilla.org	WARN	Loading extension 'screenshots@mozilla.org': Reading manifest: Invalid extension permission: telemetry
1583382156646	addons.webextension.screenshots@mozilla.org	WARN	Loading extension 'screenshots@mozilla.org': Reading manifest: Invalid extension permission: resource://pdf.js/
1583382156646	addons.webextension.screenshots@mozilla.org	WARN	Loading extension 'screenshots@mozilla.org': Reading manifest: Invalid extension permission: about:reader*
JavaScript error: resource://gre/modules/XULStore.jsm, line 66: Error: Can't find profile directory.
1583382158597	Marionette	INFO	Listening on port 63358
1583382158944	Marionette	WARN	TLS certificate errors will be ignored for this session
JavaScript warning: https://cdn2.editmysite.com/js/site/main.js?buildTime=1583370948, line 4: unreachable code after return statement
JavaScript warning: https://cdn2.editmysite.com/js/site/main.js?buildTime=1583370948, line 4: unreachable code after return statement
JavaScript warning: https://cdn2.editmysite.com/js/site/main.js?buildTime=1583370948, line 4: unreachable code after return statement
JavaScript warning: https://cdn2.editmysite.com/js/site/main.js?buildTime=1583370948, line 4: unreachable code after return statement
JavaScript warning: https://cdn2.editmysite.com/js/site/main.js?buildTime=1583370948, line 4: unreachable code after return statement
JavaScript warning: https://cdn2.editmysite.com/js/site/main.js?buildTime=1583370948, line 4: unreachable code after return statement
JavaScript warning: https://cdn2.editmysite.com/js/site/main.js?buildTime=1583370948, line 4: unreachable code after return statement
JavaScript warning: https://cdn2.editmysite.com/js/site/main.js?buildTime=1583370948, line 4: unreachable code after return statement
JavaScript error: chrome://marionette/content/proxy.js, line 222: TypeError: this.browser.driver.dialogObserver is null
JavaScript error: chrome://marionette/content/proxy.js, line 222: TypeError: this.browser.driver.dialogObserver is null
1583382228277	Marionette	INFO	Stopped listening on port 63358

###!!! [Child][RunMessage] Error: Channel closing: too late to send/recv, messages will be lost


###!!! [Child][MessageChannel::SendAndWait] Error: Channel error: cannot send/recv

